  main.cpp
D:\C++\SiAOD\Laboratory_work _1\List\base_list.h(16,34): warning C4018:  <: несоответствие типов со знаком и без знака
D:\C++\SiAOD\Laboratory_work _1\List\double_linked_list.h(145,22): warning C4018:  <: несоответствие типов со знаком и без знака
D:\C++\SiAOD\Laboratory_work _1\List\double_linked_list.h(133): message :  во время компиляции функции-члена класс шаблон "DataType &lst::double_linked_list<DataType>::operator [](const int)"
D:\C++\SiAOD\Laboratory_work _1\List\double_linked_list.h(133): message :         with
D:\C++\SiAOD\Laboratory_work _1\List\double_linked_list.h(133): message :         [
D:\C++\SiAOD\Laboratory_work _1\List\double_linked_list.h(133): message :             DataType=std::string *
D:\C++\SiAOD\Laboratory_work _1\List\double_linked_list.h(133): message :         ]
D:\C++\SiAOD\Laboratory_work _1\List\main.cpp(31): message :  выполняется компиляция ссылки на экземпляр шаблон функции "DataType &lst::double_linked_list<DataType>::operator [](const int)"
D:\C++\SiAOD\Laboratory_work _1\List\main.cpp(31): message :         with
D:\C++\SiAOD\Laboratory_work _1\List\main.cpp(31): message :         [
D:\C++\SiAOD\Laboratory_work _1\List\main.cpp(31): message :             DataType=std::string *
D:\C++\SiAOD\Laboratory_work _1\List\main.cpp(31): message :         ]
D:\C++\SiAOD\Laboratory_work _1\List\main.cpp(17): message :  выполняется компиляция ссылки на экземпляр класс шаблон функции "lst::double_linked_list<std::string *>"
D:\C++\SiAOD\Laboratory_work _1\List\forward_list.h(70,24): warning C4018:  <: несоответствие типов со знаком и без знака
D:\C++\SiAOD\Laboratory_work _1\List\forward_list.h(65): message :  во время компиляции функции-члена класс шаблон "void lst::forward_list<std::string *>::insert(const int,const DataType &)"
D:\C++\SiAOD\Laboratory_work _1\List\forward_list.h(65): message :         with
D:\C++\SiAOD\Laboratory_work _1\List\forward_list.h(65): message :         [
D:\C++\SiAOD\Laboratory_work _1\List\forward_list.h(65): message :             DataType=std::string *
D:\C++\SiAOD\Laboratory_work _1\List\forward_list.h(65): message :         ]
D:\C++\SiAOD\Laboratory_work _1\List\main.cpp(28): message :  выполняется компиляция ссылки на экземпляр класс шаблон функции "lst::forward_list<std::string *>"
D:\C++\SiAOD\Laboratory_work _1\List\forward_list.h(88,24): warning C4018:  <: несоответствие типов со знаком и без знака
D:\C++\SiAOD\Laboratory_work _1\List\forward_list.h(83): message :  во время компиляции функции-члена класс шаблон "void lst::forward_list<std::string *>::erase(const int)"
D:\C++\SiAOD\Laboratory_work _1\List\double_linked_list.h(129): warning C4715:  lst::double_linked_list<std::basic_string<char,std::char_traits<char>,std::allocator<char> > *>::pop_front: значение возвращается не при всех путях выполнения
  List.vcxproj -> D:\C++\SiAOD\Laboratory_work _1\List\Debug\List.exe
