  main.cpp
C:\Program Files (x86)\Microsoft Visual Studio\2019\Community\VC\Tools\MSVC\14.22.27905\include\vcruntime_new.h(49,44): error C2323:  "mltmp::operator new": новые или удаленные функции с оператором, не являющимся членом, невозможно объявить статическими или в пространстве имен, отличном от глобального пространства имен
C:\Program Files (x86)\Microsoft Visual Studio\2019\Community\VC\Tools\MSVC\14.22.27905\include\vcruntime_new.h(54,44): error C2323:  "mltmp::operator new": новые или удаленные функции с оператором, не являющимся членом, невозможно объявить статическими или в пространстве имен, отличном от глобального пространства имен
C:\Program Files (x86)\Microsoft Visual Studio\2019\Community\VC\Tools\MSVC\14.22.27905\include\vcruntime_new.h(60,44): error C2323:  "mltmp::operator new[]": новые или удаленные функции с оператором, не являющимся членом, невозможно объявить статическими или в пространстве имен, отличном от глобального пространства имен
C:\Program Files (x86)\Microsoft Visual Studio\2019\Community\VC\Tools\MSVC\14.22.27905\include\vcruntime_new.h(65,44): error C2323:  "mltmp::operator new[]": новые или удаленные функции с оператором, не являющимся членом, невозможно объявить статическими или в пространстве имен, отличном от глобального пространства имен
C:\Program Files (x86)\Microsoft Visual Studio\2019\Community\VC\Tools\MSVC\14.22.27905\include\vcruntime_new.h(70,16): error C2323:  "mltmp::operator delete": новые или удаленные функции с оператором, не являющимся членом, невозможно объявить статическими или в пространстве имен, отличном от глобального пространства имен
C:\Program Files (x86)\Microsoft Visual Studio\2019\Community\VC\Tools\MSVC\14.22.27905\include\vcruntime_new.h(74,16): error C2323:  "mltmp::operator delete": новые или удаленные функции с оператором, не являющимся членом, невозможно объявить статическими или в пространстве имен, отличном от глобального пространства имен
C:\Program Files (x86)\Microsoft Visual Studio\2019\Community\VC\Tools\MSVC\14.22.27905\include\vcruntime_new.h(79,16): error C2323:  "mltmp::operator delete[]": новые или удаленные функции с оператором, не являющимся членом, невозможно объявить статическими или в пространстве имен, отличном от глобального пространства имен
C:\Program Files (x86)\Microsoft Visual Studio\2019\Community\VC\Tools\MSVC\14.22.27905\include\vcruntime_new.h(83,16): error C2323:  "mltmp::operator delete[]": новые или удаленные функции с оператором, не являющимся членом, невозможно объявить статическими или в пространстве имен, отличном от глобального пространства имен
C:\Program Files (x86)\Microsoft Visual Studio\2019\Community\VC\Tools\MSVC\14.22.27905\include\vcruntime_new.h(88,16): error C2323:  "mltmp::operator delete": новые или удаленные функции с оператором, не являющимся членом, невозможно объявить статическими или в пространстве имен, отличном от глобального пространства имен
C:\Program Files (x86)\Microsoft Visual Studio\2019\Community\VC\Tools\MSVC\14.22.27905\include\vcruntime_new.h(93,16): error C2323:  "mltmp::operator delete[]": новые или удаленные функции с оператором, не являющимся членом, невозможно объявить статическими или в пространстве имен, отличном от глобального пространства имен
C:\Program Files (x86)\Microsoft Visual Studio\2019\Community\VC\Tools\MSVC\14.22.27905\include\vcruntime_new.h(167,39): error C2323:  "mltmp::operator new": новые или удаленные функции с оператором, не являющимся членом, невозможно объявить статическими или в пространстве имен, отличном от глобального пространства имен
C:\Program Files (x86)\Microsoft Visual Studio\2019\Community\VC\Tools\MSVC\14.22.27905\include\vcruntime_new.h(173,27): error C2323:  "mltmp::operator delete": новые или удаленные функции с оператором, не являющимся членом, невозможно объявить статическими или в пространстве имен, отличном от глобального пространства имен
C:\Program Files (x86)\Microsoft Visual Studio\2019\Community\VC\Tools\MSVC\14.22.27905\include\vcruntime_new.h(182,39): error C2323:  "mltmp::operator new[]": новые или удаленные функции с оператором, не являющимся членом, невозможно объявить статическими или в пространстве имен, отличном от глобального пространства имен
C:\Program Files (x86)\Microsoft Visual Studio\2019\Community\VC\Tools\MSVC\14.22.27905\include\vcruntime_new.h(189,27): error C2323:  "mltmp::operator delete[]": новые или удаленные функции с оператором, не являющимся членом, невозможно объявить статическими или в пространстве имен, отличном от глобального пространства имен
C:\Program Files (x86)\Microsoft Visual Studio\2019\Community\VC\Tools\MSVC\14.22.27905\include\vcruntime_new_debug.h(23,37): error C2323:  "mltmp::operator new": новые или удаленные функции с оператором, не являющимся членом, невозможно объявить статическими или в пространстве имен, отличном от глобального пространства имен
C:\Program Files (x86)\Microsoft Visual Studio\2019\Community\VC\Tools\MSVC\14.22.27905\include\vcruntime_new_debug.h(31,37): error C2323:  "mltmp::operator new[]": новые или удаленные функции с оператором, не являющимся членом, невозможно объявить статическими или в пространстве имен, отличном от глобального пространства имен
C:\Program Files (x86)\Microsoft Visual Studio\2019\Community\VC\Tools\MSVC\14.22.27905\include\vcruntime_new_debug.h(38,20): error C2323:  "mltmp::operator delete": новые или удаленные функции с оператором, не являющимся членом, невозможно объявить статическими или в пространстве имен, отличном от глобального пространства имен
C:\Program Files (x86)\Microsoft Visual Studio\2019\Community\VC\Tools\MSVC\14.22.27905\include\vcruntime_new_debug.h(45,20): error C2323:  "mltmp::operator delete[]": новые или удаленные функции с оператором, не являющимся членом, невозможно объявить статическими или в пространстве имен, отличном от глобального пространства имен
C:\Program Files (x86)\Microsoft Visual Studio\2019\Community\VC\Tools\MSVC\14.22.27905\include\cstdint(19,13): error C2039:  int8_t: не является членом "`global namespace'"
C:\Program Files (x86)\Microsoft Visual Studio\2019\Community\VC\Tools\MSVC\14.22.27905\include\cstdint(19,19): error C2873:  int8_t: использование символа в "using"-объявлении не допускается
C:\Program Files (x86)\Microsoft Visual Studio\2019\Community\VC\Tools\MSVC\14.22.27905\include\cstdint(20,13): error C2039:  int16_t: не является членом "`global namespace'"
C:\Program Files (x86)\Microsoft Visual Studio\2019\Community\VC\Tools\MSVC\14.22.27905\include\cstdint(20,20): error C2873:  int16_t: использование символа в "using"-объявлении не допускается
C:\Program Files (x86)\Microsoft Visual Studio\2019\Community\VC\Tools\MSVC\14.22.27905\include\cstdint(21,13): error C2039:  int32_t: не является членом "`global namespace'"
C:\Program Files (x86)\Microsoft Visual Studio\2019\Community\VC\Tools\MSVC\14.22.27905\include\cstdint(21,20): error C2873:  int32_t: использование символа в "using"-объявлении не допускается
C:\Program Files (x86)\Microsoft Visual Studio\2019\Community\VC\Tools\MSVC\14.22.27905\include\cstdint(22,13): error C2039:  int64_t: не является членом "`global namespace'"
C:\Program Files (x86)\Microsoft Visual Studio\2019\Community\VC\Tools\MSVC\14.22.27905\include\cstdint(22,20): error C2873:  int64_t: использование символа в "using"-объявлении не допускается
C:\Program Files (x86)\Microsoft Visual Studio\2019\Community\VC\Tools\MSVC\14.22.27905\include\cstdint(23,13): error C2039:  uint8_t: не является членом "`global namespace'"
C:\Program Files (x86)\Microsoft Visual Studio\2019\Community\VC\Tools\MSVC\14.22.27905\include\cstdint(23,20): error C2873:  uint8_t: использование символа в "using"-объявлении не допускается
C:\Program Files (x86)\Microsoft Visual Studio\2019\Community\VC\Tools\MSVC\14.22.27905\include\cstdint(24,13): error C2039:  uint16_t: не является членом "`global namespace'"
C:\Program Files (x86)\Microsoft Visual Studio\2019\Community\VC\Tools\MSVC\14.22.27905\include\cstdint(24,21): error C2873:  uint16_t: использование символа в "using"-объявлении не допускается
C:\Program Files (x86)\Microsoft Visual Studio\2019\Community\VC\Tools\MSVC\14.22.27905\include\cstdint(25,13): error C2039:  uint32_t: не является членом "`global namespace'"
C:\Program Files (x86)\Microsoft Visual Studio\2019\Community\VC\Tools\MSVC\14.22.27905\include\cstdint(25,21): error C2873:  uint32_t: использование символа в "using"-объявлении не допускается
C:\Program Files (x86)\Microsoft Visual Studio\2019\Community\VC\Tools\MSVC\14.22.27905\include\cstdint(26,13): error C2039:  uint64_t: не является членом "`global namespace'"
C:\Program Files (x86)\Microsoft Visual Studio\2019\Community\VC\Tools\MSVC\14.22.27905\include\cstdint(26,21): error C2873:  uint64_t: использование символа в "using"-объявлении не допускается
C:\Program Files (x86)\Microsoft Visual Studio\2019\Community\VC\Tools\MSVC\14.22.27905\include\cstdint(28,13): error C2039:  int_least8_t: не является членом "`global namespace'"
C:\Program Files (x86)\Microsoft Visual Studio\2019\Community\VC\Tools\MSVC\14.22.27905\include\cstdint(28,25): error C2873:  int_least8_t: использование символа в "using"-объявлении не допускается
C:\Program Files (x86)\Microsoft Visual Studio\2019\Community\VC\Tools\MSVC\14.22.27905\include\cstdint(29,13): error C2039:  int_least16_t: не является членом "`global namespace'"
C:\Program Files (x86)\Microsoft Visual Studio\2019\Community\VC\Tools\MSVC\14.22.27905\include\cstdint(29,26): error C2873:  int_least16_t: использование символа в "using"-объявлении не допускается
C:\Program Files (x86)\Microsoft Visual Studio\2019\Community\VC\Tools\MSVC\14.22.27905\include\cstdint(30,13): error C2039:  int_least32_t: не является членом "`global namespace'"
C:\Program Files (x86)\Microsoft Visual Studio\2019\Community\VC\Tools\MSVC\14.22.27905\include\cstdint(30,26): error C2873:  int_least32_t: использование символа в "using"-объявлении не допускается
C:\Program Files (x86)\Microsoft Visual Studio\2019\Community\VC\Tools\MSVC\14.22.27905\include\cstdint(31,13): error C2039:  int_least64_t: не является членом "`global namespace'"
C:\Program Files (x86)\Microsoft Visual Studio\2019\Community\VC\Tools\MSVC\14.22.27905\include\cstdint(31,26): error C2873:  int_least64_t: использование символа в "using"-объявлении не допускается
C:\Program Files (x86)\Microsoft Visual Studio\2019\Community\VC\Tools\MSVC\14.22.27905\include\cstdint(32,13): error C2039:  uint_least8_t: не является членом "`global namespace'"
C:\Program Files (x86)\Microsoft Visual Studio\2019\Community\VC\Tools\MSVC\14.22.27905\include\cstdint(32,26): error C2873:  uint_least8_t: использование символа в "using"-объявлении не допускается
C:\Program Files (x86)\Microsoft Visual Studio\2019\Community\VC\Tools\MSVC\14.22.27905\include\cstdint(33,13): error C2039:  uint_least16_t: не является членом "`global namespace'"
C:\Program Files (x86)\Microsoft Visual Studio\2019\Community\VC\Tools\MSVC\14.22.27905\include\cstdint(33,27): error C2873:  uint_least16_t: использование символа в "using"-объявлении не допускается
C:\Program Files (x86)\Microsoft Visual Studio\2019\Community\VC\Tools\MSVC\14.22.27905\include\cstdint(34,13): error C2039:  uint_least32_t: не является членом "`global namespace'"
C:\Program Files (x86)\Microsoft Visual Studio\2019\Community\VC\Tools\MSVC\14.22.27905\include\cstdint(34,27): error C2873:  uint_least32_t: использование символа в "using"-объявлении не допускается
C:\Program Files (x86)\Microsoft Visual Studio\2019\Community\VC\Tools\MSVC\14.22.27905\include\cstdint(35,13): error C2039:  uint_least64_t: не является членом "`global namespace'"
C:\Program Files (x86)\Microsoft Visual Studio\2019\Community\VC\Tools\MSVC\14.22.27905\include\cstdint(35,27): error C2873:  uint_least64_t: использование символа в "using"-объявлении не допускается
C:\Program Files (x86)\Microsoft Visual Studio\2019\Community\VC\Tools\MSVC\14.22.27905\include\cstdint(37,13): error C2039:  int_fast8_t: не является членом "`global namespace'"
C:\Program Files (x86)\Microsoft Visual Studio\2019\Community\VC\Tools\MSVC\14.22.27905\include\cstdint(37,24): error C2873:  int_fast8_t: использование символа в "using"-объявлении не допускается
C:\Program Files (x86)\Microsoft Visual Studio\2019\Community\VC\Tools\MSVC\14.22.27905\include\cstdint(38,13): error C2039:  int_fast16_t: не является членом "`global namespace'"
C:\Program Files (x86)\Microsoft Visual Studio\2019\Community\VC\Tools\MSVC\14.22.27905\include\cstdint(38,25): error C2873:  int_fast16_t: использование символа в "using"-объявлении не допускается
C:\Program Files (x86)\Microsoft Visual Studio\2019\Community\VC\Tools\MSVC\14.22.27905\include\cstdint(39,13): error C2039:  int_fast32_t: не является членом "`global namespace'"
C:\Program Files (x86)\Microsoft Visual Studio\2019\Community\VC\Tools\MSVC\14.22.27905\include\cstdint(39,25): error C2873:  int_fast32_t: использование символа в "using"-объявлении не допускается
C:\Program Files (x86)\Microsoft Visual Studio\2019\Community\VC\Tools\MSVC\14.22.27905\include\cstdint(40,13): error C2039:  int_fast64_t: не является членом "`global namespace'"
C:\Program Files (x86)\Microsoft Visual Studio\2019\Community\VC\Tools\MSVC\14.22.27905\include\cstdint(40,25): error C2873:  int_fast64_t: использование символа в "using"-объявлении не допускается
C:\Program Files (x86)\Microsoft Visual Studio\2019\Community\VC\Tools\MSVC\14.22.27905\include\cstdint(41,13): error C2039:  uint_fast8_t: не является членом "`global namespace'"
C:\Program Files (x86)\Microsoft Visual Studio\2019\Community\VC\Tools\MSVC\14.22.27905\include\cstdint(41,25): error C2873:  uint_fast8_t: использование символа в "using"-объявлении не допускается
C:\Program Files (x86)\Microsoft Visual Studio\2019\Community\VC\Tools\MSVC\14.22.27905\include\cstdint(42,13): error C2039:  uint_fast16_t: не является членом "`global namespace'"
C:\Program Files (x86)\Microsoft Visual Studio\2019\Community\VC\Tools\MSVC\14.22.27905\include\cstdint(42,26): error C2873:  uint_fast16_t: использование символа в "using"-объявлении не допускается
C:\Program Files (x86)\Microsoft Visual Studio\2019\Community\VC\Tools\MSVC\14.22.27905\include\cstdint(43,13): error C2039:  uint_fast32_t: не является членом "`global namespace'"
C:\Program Files (x86)\Microsoft Visual Studio\2019\Community\VC\Tools\MSVC\14.22.27905\include\cstdint(43,26): error C2873:  uint_fast32_t: использование символа в "using"-объявлении не допускается
C:\Program Files (x86)\Microsoft Visual Studio\2019\Community\VC\Tools\MSVC\14.22.27905\include\cstdint(44,13): error C2039:  uint_fast64_t: не является членом "`global namespace'"
C:\Program Files (x86)\Microsoft Visual Studio\2019\Community\VC\Tools\MSVC\14.22.27905\include\cstdint(44,26): error C2873:  uint_fast64_t: использование символа в "using"-объявлении не допускается
C:\Program Files (x86)\Microsoft Visual Studio\2019\Community\VC\Tools\MSVC\14.22.27905\include\cstdint(46,13): error C2039:  intmax_t: не является членом "`global namespace'"
C:\Program Files (x86)\Microsoft Visual Studio\2019\Community\VC\Tools\MSVC\14.22.27905\include\cstdint(46,21): error C2873:  intmax_t: использование символа в "using"-объявлении не допускается
C:\Program Files (x86)\Microsoft Visual Studio\2019\Community\VC\Tools\MSVC\14.22.27905\include\cstdint(47,13): error C2039:  intptr_t: не является членом "`global namespace'"
C:\Program Files (x86)\Microsoft Visual Studio\2019\Community\VC\Tools\MSVC\14.22.27905\include\cstdint(47,21): error C2873:  intptr_t: использование символа в "using"-объявлении не допускается
C:\Program Files (x86)\Microsoft Visual Studio\2019\Community\VC\Tools\MSVC\14.22.27905\include\cstdint(48,13): error C2039:  uintmax_t: не является членом "`global namespace'"
C:\Program Files (x86)\Microsoft Visual Studio\2019\Community\VC\Tools\MSVC\14.22.27905\include\cstdint(48,22): error C2873:  uintmax_t: использование символа в "using"-объявлении не допускается
C:\Program Files (x86)\Microsoft Visual Studio\2019\Community\VC\Tools\MSVC\14.22.27905\include\cstdint(49,13): error C2039:  uintptr_t: не является членом "`global namespace'"
C:\Program Files (x86)\Microsoft Visual Studio\2019\Community\VC\Tools\MSVC\14.22.27905\include\cstdint(49,22): error C2873:  uintptr_t: использование символа в "using"-объявлении не допускается
C:\Program Files (x86)\Microsoft Visual Studio\2019\Community\VC\Tools\MSVC\14.22.27905\include\cstdint(53,17): error C2039:  int8_t: не является членом "`global namespace'"
C:\Program Files (x86)\Microsoft Visual Studio\2019\Community\VC\Tools\MSVC\14.22.27905\include\cstdint(53,23): error C2873:  int8_t: использование символа в "using"-объявлении не допускается
C:\Program Files (x86)\Microsoft Visual Studio\2019\Community\VC\Tools\MSVC\14.22.27905\include\cstdint(54,17): error C2039:  int16_t: не является членом "`global namespace'"
C:\Program Files (x86)\Microsoft Visual Studio\2019\Community\VC\Tools\MSVC\14.22.27905\include\cstdint(54,24): error C2873:  int16_t: использование символа в "using"-объявлении не допускается
C:\Program Files (x86)\Microsoft Visual Studio\2019\Community\VC\Tools\MSVC\14.22.27905\include\cstdint(55,17): error C2039:  int32_t: не является членом "`global namespace'"
C:\Program Files (x86)\Microsoft Visual Studio\2019\Community\VC\Tools\MSVC\14.22.27905\include\cstdint(55,24): error C2873:  int32_t: использование символа в "using"-объявлении не допускается
C:\Program Files (x86)\Microsoft Visual Studio\2019\Community\VC\Tools\MSVC\14.22.27905\include\cstdint(56,17): error C2039:  int64_t: не является членом "`global namespace'"
C:\Program Files (x86)\Microsoft Visual Studio\2019\Community\VC\Tools\MSVC\14.22.27905\include\cstdint(56,24): error C2873:  int64_t: использование символа в "using"-объявлении не допускается
C:\Program Files (x86)\Microsoft Visual Studio\2019\Community\VC\Tools\MSVC\14.22.27905\include\cstdint(57,17): error C2039:  uint8_t: не является членом "`global namespace'"
C:\Program Files (x86)\Microsoft Visual Studio\2019\Community\VC\Tools\MSVC\14.22.27905\include\cstdint(57,24): error C2873:  uint8_t: использование символа в "using"-объявлении не допускается
C:\Program Files (x86)\Microsoft Visual Studio\2019\Community\VC\Tools\MSVC\14.22.27905\include\cstdint(58,17): error C2039:  uint16_t: не является членом "`global namespace'"
C:\Program Files (x86)\Microsoft Visual Studio\2019\Community\VC\Tools\MSVC\14.22.27905\include\cstdint(58,25): error C2873:  uint16_t: использование символа в "using"-объявлении не допускается
C:\Program Files (x86)\Microsoft Visual Studio\2019\Community\VC\Tools\MSVC\14.22.27905\include\cstdint(59,17): error C2039:  uint32_t: не является членом "`global namespace'"
C:\Program Files (x86)\Microsoft Visual Studio\2019\Community\VC\Tools\MSVC\14.22.27905\include\cstdint(59,25): error C2873:  uint32_t: использование символа в "using"-объявлении не допускается
C:\Program Files (x86)\Microsoft Visual Studio\2019\Community\VC\Tools\MSVC\14.22.27905\include\cstdint(60,17): error C2039:  uint64_t: не является членом "`global namespace'"
C:\Program Files (x86)\Microsoft Visual Studio\2019\Community\VC\Tools\MSVC\14.22.27905\include\cstdint(60,25): error C2873:  uint64_t: использование символа в "using"-объявлении не допускается
C:\Program Files (x86)\Microsoft Visual Studio\2019\Community\VC\Tools\MSVC\14.22.27905\include\cstdint(62,17): error C2039:  int_least8_t: не является членом "`global namespace'"
C:\Program Files (x86)\Microsoft Visual Studio\2019\Community\VC\Tools\MSVC\14.22.27905\include\cstdint(62,29): error C2873:  int_least8_t: использование символа в "using"-объявлении не допускается
C:\Program Files (x86)\Microsoft Visual Studio\2019\Community\VC\Tools\MSVC\14.22.27905\include\cstdint(63,17): error C2039:  int_least16_t: не является членом "`global namespace'"
C:\Program Files (x86)\Microsoft Visual Studio\2019\Community\VC\Tools\MSVC\14.22.27905\include\cstdint(63,30): error C2873:  int_least16_t: использование символа в "using"-объявлении не допускается
C:\Program Files (x86)\Microsoft Visual Studio\2019\Community\VC\Tools\MSVC\14.22.27905\include\cstdint(64,17): error C2039:  int_least32_t: не является членом "`global namespace'"
C:\Program Files (x86)\Microsoft Visual Studio\2019\Community\VC\Tools\MSVC\14.22.27905\include\cstdint(64,30): error C2873:  int_least32_t: использование символа в "using"-объявлении не допускается
C:\Program Files (x86)\Microsoft Visual Studio\2019\Community\VC\Tools\MSVC\14.22.27905\include\cstdint(65,17): error C2039:  int_least64_t: не является членом "`global namespace'"
C:\Program Files (x86)\Microsoft Visual Studio\2019\Community\VC\Tools\MSVC\14.22.27905\include\cstdint(65,30): error C2873:  int_least64_t: использование символа в "using"-объявлении не допускается
C:\Program Files (x86)\Microsoft Visual Studio\2019\Community\VC\Tools\MSVC\14.22.27905\include\cstdint(66,17): error C2039:  uint_least8_t: не является членом "`global namespace'"
C:\Program Files (x86)\Microsoft Visual Studio\2019\Community\VC\Tools\MSVC\14.22.27905\include\cstdint(66,30): error C2873:  uint_least8_t: использование символа в "using"-объявлении не допускается
C:\Program Files (x86)\Microsoft Visual Studio\2019\Community\VC\Tools\MSVC\14.22.27905\include\cstdint(67,17): error C2039:  uint_least16_t: не является членом "`global namespace'"
C:\Program Files (x86)\Microsoft Visual Studio\2019\Community\VC\Tools\MSVC\14.22.27905\include\cstdint(67,31): error C1003:  число ошибок превышает 100; остановка компиляции
