  SubjectIndex.cpp
D:\C++\SiAOD\Laboratory_work_2\hash_table_3\base_list.h(16,34): warning C4018:  <: несоответствие типов со знаком и без знака
D:\C++\SiAOD\Laboratory_work_2\hash_table_3\TerminsList.h(35,2): warning C4091:  static : пропускается слева от "ListElement", когда ни одна переменная не объявлена
D:\C++\SiAOD\Laboratory_work_2\hash_table_3\SubjectIndex.cpp(81,45): warning C4018:  <: несоответствие типов со знаком и без знака
D:\C++\SiAOD\Laboratory_work_2\hash_table_3\SubjectIndex.cpp(93,57): warning C4018:  <: несоответствие типов со знаком и без знака
D:\C++\SiAOD\Laboratory_work_2\hash_table_3\forward_list.h(93,24): warning C4018:  <: несоответствие типов со знаком и без знака
D:\C++\SiAOD\Laboratory_work_2\hash_table_3\forward_list.h(88): message :  во время компиляции функции-члена класс шаблон "void lst::forward_list<PageNumber>::insert(const int,const DataType &)"
D:\C++\SiAOD\Laboratory_work_2\hash_table_3\forward_list.h(88): message :         with
D:\C++\SiAOD\Laboratory_work_2\hash_table_3\forward_list.h(88): message :         [
D:\C++\SiAOD\Laboratory_work_2\hash_table_3\forward_list.h(88): message :             DataType=PageNumber
D:\C++\SiAOD\Laboratory_work_2\hash_table_3\forward_list.h(88): message :         ]
D:\C++\SiAOD\Laboratory_work_2\hash_table_3\TerminsList.h(49): message :  выполняется компиляция ссылки на экземпляр класс шаблон функции "lst::forward_list<PageNumber>"
D:\C++\SiAOD\Laboratory_work_2\hash_table_3\forward_list.h(116,26): warning C4018:  <: несоответствие типов со знаком и без знака
  main.cpp
D:\C++\SiAOD\Laboratory_work_2\hash_table_3\forward_list.h(106): message :  во время компиляции функции-члена класс шаблон "void lst::forward_list<PageNumber>::erase(const int)"
D:\C++\SiAOD\Laboratory_work_2\hash_table_3\base_list.h(16,34): warning C4018:  <: несоответствие типов со знаком и без знака
D:\C++\SiAOD\Laboratory_work_2\hash_table_3\TerminsList.h(35,2): warning C4091:  static : пропускается слева от "ListElement", когда ни одна переменная не объявлена
D:\C++\SiAOD\Laboratory_work_2\hash_table_3\forward_list.h(93,24): warning C4018:  <: несоответствие типов со знаком и без знака
D:\C++\SiAOD\Laboratory_work_2\hash_table_3\forward_list.h(88): message :  во время компиляции функции-члена класс шаблон "void lst::forward_list<PageNumber>::insert(const int,const DataType &)"
D:\C++\SiAOD\Laboratory_work_2\hash_table_3\forward_list.h(88): message :         with
D:\C++\SiAOD\Laboratory_work_2\hash_table_3\forward_list.h(88): message :         [
D:\C++\SiAOD\Laboratory_work_2\hash_table_3\forward_list.h(88): message :             DataType=PageNumber
D:\C++\SiAOD\Laboratory_work_2\hash_table_3\forward_list.h(88): message :         ]
D:\C++\SiAOD\Laboratory_work_2\hash_table_3\TerminsList.h(49): message :  выполняется компиляция ссылки на экземпляр класс шаблон функции "lst::forward_list<PageNumber>"
D:\C++\SiAOD\Laboratory_work_2\hash_table_3\forward_list.h(116,26): warning C4018:  <: несоответствие типов со знаком и без знака
  Создание кода...
D:\C++\SiAOD\Laboratory_work_2\hash_table_3\forward_list.h(106): message :  во время компиляции функции-члена класс шаблон "void lst::forward_list<PageNumber>::erase(const int)"
D:\C++\SiAOD\Laboratory_work_2\hash_table_3\main.cpp(88): warning C4715:  ReadLaforeSubjectIndex: значение возвращается не при всех путях выполнения
  LINK : 
  hash_table_3.vcxproj -> D:\C++\SiAOD\Laboratory_work_2\hash_table_3\Debug\hash_table_3.exe
